# project=BERT-Softmax
# cmd=/root/miniconda3/bin/python run.py
# start=2026-03-02 20:11:44


libgomp: Invalid value for environment variable OMP_NUM_THREADS

libgomp: Invalid value for environment variable OMP_NUM_THREADS
device: cuda:0
--------Process Done!--------
--------Dataset Build!--------
--------Get Dataloader!--------
--------Start Training!--------

  0%|          | 0/22 [00:00<?, ?it/s]
  5%|▍         | 1/22 [00:00<00:20,  1.01it/s]
  9%|▉         | 2/22 [00:01<00:09,  2.12it/s]
 14%|█▎        | 3/22 [00:01<00:06,  2.98it/s]
 18%|█▊        | 4/22 [00:01<00:04,  3.77it/s]
 23%|██▎       | 5/22 [00:01<00:03,  4.43it/s]
 27%|██▋       | 6/22 [00:01<00:03,  4.79it/s]
 32%|███▏      | 7/22 [00:01<00:02,  5.03it/s]
 36%|███▋      | 8/22 [00:02<00:02,  5.43it/s]
 41%|████      | 9/22 [00:02<00:02,  5.77it/s]
 45%|████▌     | 10/22 [00:02<00:02,  5.82it/s]
 50%|█████     | 11/22 [00:02<00:01,  5.76it/s]
 55%|█████▍    | 12/22 [00:02<00:01,  5.97it/s]
 59%|█████▉    | 13/22 [00:02<00:01,  6.11it/s]
 64%|██████▎   | 14/22 [00:03<00:01,  6.22it/s]
 68%|██████▊   | 15/22 [00:03<00:01,  6.43it/s]
 73%|███████▎  | 16/22 [00:03<00:00,  6.46it/s]
 77%|███████▋  | 17/22 [00:03<00:00,  6.26it/s]
 82%|████████▏ | 18/22 [00:03<00:00,  6.18it/s]
 86%|████████▋ | 19/22 [00:03<00:00,  6.13it/s]
 91%|█████████ | 20/22 [00:04<00:00,  6.08it/s]
 95%|█████████▌| 21/22 [00:04<00:00,  4.93it/s]
100%|██████████| 22/22 [00:04<00:00,  5.31it/s]
100%|██████████| 22/22 [00:04<00:00,  4.93it/s]
Epoch: 1, train loss: 1.6103527031161569
Epoch: 1, dev loss: 0.5033011237780253, f1 score: 0.2742857142857143

